<?xml version="1.0" encoding="UTF-8"?>
<coverage generated="1558013088832" clover="3.2.0">
  <project timestamp="1558013088832" name="All files">
    <metrics statements="13" coveredstatements="8" conditionals="6" coveredconditionals="1" methods="7" coveredmethods="2" elements="26" coveredelements="11" complexity="0" loc="13" ncloc="13" packages="1" files="1" classes="1"/>
    <file name="EventEmmiter.js" path="C:\Никольский\Стажировка\ViroIT\src\EventEmmiter.js">
      <metrics statements="13" coveredstatements="8" conditionals="6" coveredconditionals="1" methods="7" coveredmethods="2"/>
      <line num="3" count="1" type="stmt"/>
      <line num="6" count="1" type="stmt"/>
      <line num="7" count="1" type="cond" truecount="1" falsecount="1"/>
      <line num="8" count="1" type="stmt"/>
      <line num="10" count="1" type="stmt"/>
      <line num="12" count="0" type="stmt"/>
      <line num="13" count="0" type="stmt"/>
      <line num="16" count="1" type="stmt"/>
      <line num="19" count="1" type="stmt"/>
      <line num="20" count="0" type="cond" truecount="0" falsecount="4"/>
      <line num="21" count="0" type="stmt"/>
      <line num="25" count="1" type="stmt"/>
      <line num="26" count="0" type="stmt"/>
    </file>
  </project>
</coverage>
