{"C:\\Users\\Nikit\\Стажировка\\TaskWithWebPack\\src\\Atm.js": {"path":"C:\\Users\\Nikit\\Стажировка\\TaskWithWebPack\\src\\Atm.js","statementMap":{"0":{"start":{"line":7,"column":8},"end":{"line":7,"column":16}},"1":{"start":{"line":8,"column":8},"end":{"line":8,"column":26}},"2":{"start":{"line":9,"column":8},"end":{"line":9,"column":30}},"3":{"start":{"line":13,"column":8},"end":{"line":13,"column":55}},"4":{"start":{"line":14,"column":8},"end":{"line":14,"column":33}},"5":{"start":{"line":18,"column":8},"end":{"line":18,"column":31}},"6":{"start":{"line":19,"column":8},"end":{"line":19,"column":40}},"7":{"start":{"line":23,"column":8},"end":{"line":23,"column":50}},"8":{"start":{"line":24,"column":8},"end":{"line":24,"column":42}},"9":{"start":{"line":25,"column":8},"end":{"line":25,"column":41}}},"fnMap":{"0":{"name":"(anonymous_0)","decl":{"start":{"line":6,"column":4},"end":{"line":6,"column":5}},"loc":{"start":{"line":6,"column":18},"end":{"line":10,"column":5}},"line":6},"1":{"name":"(anonymous_1)","decl":{"start":{"line":12,"column":4},"end":{"line":12,"column":5}},"loc":{"start":{"line":12,"column":18},"end":{"line":15,"column":5}},"line":12},"2":{"name":"(anonymous_2)","decl":{"start":{"line":17,"column":4},"end":{"line":17,"column":5}},"loc":{"start":{"line":17,"column":25},"end":{"line":20,"column":5}},"line":17},"3":{"name":"(anonymous_3)","decl":{"start":{"line":22,"column":4},"end":{"line":22,"column":5}},"loc":{"start":{"line":22,"column":23},"end":{"line":26,"column":5}},"line":22}},"branchMap":{"0":{"loc":{"start":{"line":13,"column":21},"end":{"line":13,"column":54}},"type":"cond-expr","locations":[{"start":{"line":13,"column":42},"end":{"line":13,"column":47}},{"start":{"line":13,"column":50},"end":{"line":13,"column":54}}],"line":13}},"s":{"0":1,"1":1,"2":1,"3":2,"4":2,"5":1,"6":1,"7":1,"8":1,"9":1},"f":{"0":1,"1":2,"2":1,"3":1},"b":{"0":[1,1]},"_coverageSchema":"43e27e138ebf9cfc5966b082cf9a028302ed4184","hash":"3619708213d13eb46368cd1b26455a0fc934574a"}
,"C:\\Users\\Nikit\\Стажировка\\TaskWithWebPack\\src\\AtmUI.js": {"path":"C:\\Users\\Nikit\\Стажировка\\TaskWithWebPack\\src\\AtmUI.js","statementMap":{"0":{"start":{"line":5,"column":8},"end":{"line":5,"column":57}},"1":{"start":{"line":6,"column":8},"end":{"line":6,"column":64}},"2":{"start":{"line":7,"column":8},"end":{"line":7,"column":62}},"3":{"start":{"line":8,"column":8},"end":{"line":8,"column":58}},"4":{"start":{"line":9,"column":8},"end":{"line":9,"column":51}},"5":{"start":{"line":10,"column":8},"end":{"line":10,"column":77}},"6":{"start":{"line":11,"column":8},"end":{"line":11,"column":62}},"7":{"start":{"line":12,"column":8},"end":{"line":12,"column":60}},"8":{"start":{"line":13,"column":8},"end":{"line":13,"column":74}},"9":{"start":{"line":14,"column":8},"end":{"line":14,"column":111}},"10":{"start":{"line":15,"column":8},"end":{"line":15,"column":48}},"11":{"start":{"line":19,"column":8},"end":{"line":19,"column":120}},"12":{"start":{"line":23,"column":8},"end":{"line":23,"column":57}}},"fnMap":{"0":{"name":"(anonymous_0)","decl":{"start":{"line":4,"column":4},"end":{"line":4,"column":5}},"loc":{"start":{"line":4,"column":18},"end":{"line":16,"column":5}},"line":4},"1":{"name":"(anonymous_1)","decl":{"start":{"line":18,"column":4},"end":{"line":18,"column":5}},"loc":{"start":{"line":18,"column":20},"end":{"line":20,"column":5}},"line":18},"2":{"name":"(anonymous_2)","decl":{"start":{"line":22,"column":4},"end":{"line":22,"column":5}},"loc":{"start":{"line":22,"column":39},"end":{"line":24,"column":5}},"line":22}},"branchMap":{"0":{"loc":{"start":{"line":19,"column":49},"end":{"line":19,"column":119}},"type":"cond-expr","locations":[{"start":{"line":19,"column":99},"end":{"line":19,"column":111}},{"start":{"line":19,"column":114},"end":{"line":19,"column":119}}],"line":19}},"s":{"0":1,"1":1,"2":1,"3":1,"4":1,"5":1,"6":1,"7":1,"8":1,"9":1,"10":1,"11":2,"12":1},"f":{"0":1,"1":2,"2":1},"b":{"0":[1,1]},"_coverageSchema":"43e27e138ebf9cfc5966b082cf9a028302ed4184","hash":"b4d02136f68ae95c40612b8a1ab23de437567a52"}
,"C:\\Users\\Nikit\\Стажировка\\TaskWithWebPack\\src\\EventEmmiter.js": {"path":"C:\\Users\\Nikit\\Стажировка\\TaskWithWebPack\\src\\EventEmmiter.js","statementMap":{"0":{"start":{"line":3,"column":4},"end":{"line":3,"column":25}},"1":{"start":{"line":6,"column":0},"end":{"line":17,"column":1}},"2":{"start":{"line":7,"column":4},"end":{"line":9,"column":5}},"3":{"start":{"line":8,"column":8},"end":{"line":8,"column":40}},"4":{"start":{"line":10,"column":4},"end":{"line":10,"column":45}},"5":{"start":{"line":12,"column":8},"end":{"line":14,"column":11}},"6":{"start":{"line":13,"column":12},"end":{"line":13,"column":35}},"7":{"start":{"line":16,"column":4},"end":{"line":16,"column":34}},"8":{"start":{"line":19,"column":0},"end":{"line":23,"column":1}},"9":{"start":{"line":20,"column":4},"end":{"line":22,"column":5}},"10":{"start":{"line":21,"column":8},"end":{"line":21,"column":79}},"11":{"start":{"line":21,"column":61},"end":{"line":21,"column":76}},"12":{"start":{"line":25,"column":0},"end":{"line":27,"column":1}},"13":{"start":{"line":26,"column":4},"end":{"line":26,"column":27}}},"fnMap":{"0":{"name":"EventEmmiter","decl":{"start":{"line":2,"column":9},"end":{"line":2,"column":21}},"loc":{"start":{"line":2,"column":24},"end":{"line":4,"column":1}},"line":2},"1":{"name":"(anonymous_1)","decl":{"start":{"line":6,"column":28},"end":{"line":6,"column":29}},"loc":{"start":{"line":6,"column":58},"end":{"line":17,"column":1}},"line":6},"2":{"name":"unsubscribe","decl":{"start":{"line":11,"column":13},"end":{"line":11,"column":24}},"loc":{"start":{"line":11,"column":27},"end":{"line":15,"column":5}},"line":11},"3":{"name":"(anonymous_3)","decl":{"start":{"line":12,"column":71},"end":{"line":12,"column":72}},"loc":{"start":{"line":12,"column":87},"end":{"line":14,"column":9}},"line":12},"4":{"name":"(anonymous_4)","decl":{"start":{"line":19,"column":30},"end":{"line":19,"column":31}},"loc":{"start":{"line":19,"column":62},"end":{"line":23,"column":1}},"line":19},"5":{"name":"(anonymous_5)","decl":{"start":{"line":21,"column":43},"end":{"line":21,"column":44}},"loc":{"start":{"line":21,"column":59},"end":{"line":21,"column":78}},"line":21},"6":{"name":"(anonymous_6)","decl":{"start":{"line":25,"column":36},"end":{"line":25,"column":37}},"loc":{"start":{"line":25,"column":48},"end":{"line":27,"column":1}},"line":25}},"branchMap":{"0":{"loc":{"start":{"line":7,"column":4},"end":{"line":9,"column":5}},"type":"if","locations":[{"start":{"line":7,"column":4},"end":{"line":9,"column":5}},{"start":{"line":7,"column":4},"end":{"line":9,"column":5}}],"line":7},"1":{"loc":{"start":{"line":20,"column":4},"end":{"line":22,"column":5}},"type":"if","locations":[{"start":{"line":20,"column":4},"end":{"line":22,"column":5}},{"start":{"line":20,"column":4},"end":{"line":22,"column":5}}],"line":20},"2":{"loc":{"start":{"line":20,"column":8},"end":{"line":20,"column":82}},"type":"binary-expr","locations":[{"start":{"line":20,"column":8},"end":{"line":20,"column":37}},{"start":{"line":20,"column":41},"end":{"line":20,"column":82}}],"line":20}},"s":{"0":3,"1":3,"2":10,"3":8,"4":10,"5":2,"6":3,"7":10,"8":3,"9":12,"10":11,"11":11,"12":3,"13":1},"f":{"0":3,"1":10,"2":2,"3":3,"4":12,"5":11,"6":1},"b":{"0":[8,2],"1":[11,1],"2":[12,12]},"_coverageSchema":"43e27e138ebf9cfc5966b082cf9a028302ed4184","hash":"9fa226d3358b41b7c8ed625664e8cd2f955bee0c"}
,"C:\\Users\\Nikit\\Стажировка\\TaskWithWebPack\\src\\Person.js": {"path":"C:\\Users\\Nikit\\Стажировка\\TaskWithWebPack\\src\\Person.js","statementMap":{"0":{"start":{"line":3,"column":8},"end":{"line":3,"column":73}}},"fnMap":{"0":{"name":"(anonymous_0)","decl":{"start":{"line":2,"column":4},"end":{"line":2,"column":5}},"loc":{"start":{"line":2,"column":18},"end":{"line":5,"column":5}},"line":2}},"branchMap":{},"s":{"0":3},"f":{"0":3},"b":{},"_coverageSchema":"43e27e138ebf9cfc5966b082cf9a028302ed4184","hash":"3420c5d12a82e84abd760fb893e3fcdff2c619f8"}
,"C:\\Users\\Nikit\\Стажировка\\TaskWithWebPack\\src\\Queue.js": {"path":"C:\\Users\\Nikit\\Стажировка\\TaskWithWebPack\\src\\Queue.js","statementMap":{"0":{"start":{"line":8,"column":8},"end":{"line":8,"column":16}},"1":{"start":{"line":9,"column":8},"end":{"line":9,"column":31}},"2":{"start":{"line":13,"column":8},"end":{"line":13,"column":45}},"3":{"start":{"line":14,"column":8},"end":{"line":14,"column":34}},"4":{"start":{"line":15,"column":8},"end":{"line":17,"column":9}},"5":{"start":{"line":16,"column":12},"end":{"line":16,"column":42}},"6":{"start":{"line":21,"column":20},"end":{"line":21,"column":45}},"7":{"start":{"line":22,"column":8},"end":{"line":22,"column":34}},"8":{"start":{"line":23,"column":8},"end":{"line":23,"column":21}},"9":{"start":{"line":27,"column":8},"end":{"line":27,"column":49}},"10":{"start":{"line":28,"column":8},"end":{"line":28,"column":39}}},"fnMap":{"0":{"name":"(anonymous_0)","decl":{"start":{"line":7,"column":4},"end":{"line":7,"column":5}},"loc":{"start":{"line":7,"column":18},"end":{"line":10,"column":5}},"line":7},"1":{"name":"(anonymous_1)","decl":{"start":{"line":12,"column":4},"end":{"line":12,"column":5}},"loc":{"start":{"line":12,"column":21},"end":{"line":18,"column":5}},"line":12},"2":{"name":"(anonymous_2)","decl":{"start":{"line":20,"column":4},"end":{"line":20,"column":5}},"loc":{"start":{"line":20,"column":21},"end":{"line":24,"column":5}},"line":20},"3":{"name":"(anonymous_3)","decl":{"start":{"line":26,"column":4},"end":{"line":26,"column":5}},"loc":{"start":{"line":26,"column":23},"end":{"line":29,"column":5}},"line":26}},"branchMap":{"0":{"loc":{"start":{"line":15,"column":8},"end":{"line":17,"column":9}},"type":"if","locations":[{"start":{"line":15,"column":8},"end":{"line":17,"column":9}},{"start":{"line":15,"column":8},"end":{"line":17,"column":9}}],"line":15}},"s":{"0":1,"1":1,"2":2,"3":2,"4":2,"5":1,"6":1,"7":1,"8":1,"9":1,"10":1},"f":{"0":1,"1":2,"2":1,"3":1},"b":{"0":[1,1]},"_coverageSchema":"43e27e138ebf9cfc5966b082cf9a028302ed4184","hash":"7e7259cefcaa9bd65688947c772de7f0a1a2b980"}
,"C:\\Users\\Nikit\\Стажировка\\TaskWithWebPack\\src\\QueueUI.js": {"path":"C:\\Users\\Nikit\\Стажировка\\TaskWithWebPack\\src\\QueueUI.js","statementMap":{"0":{"start":{"line":3,"column":8},"end":{"line":3,"column":59}},"1":{"start":{"line":4,"column":8},"end":{"line":4,"column":66}},"2":{"start":{"line":5,"column":8},"end":{"line":5,"column":64}},"3":{"start":{"line":6,"column":8},"end":{"line":6,"column":62}},"4":{"start":{"line":7,"column":8},"end":{"line":7,"column":53}},"5":{"start":{"line":8,"column":8},"end":{"line":8,"column":76}},"6":{"start":{"line":9,"column":8},"end":{"line":9,"column":66}},"7":{"start":{"line":10,"column":8},"end":{"line":10,"column":64}},"8":{"start":{"line":11,"column":8},"end":{"line":11,"column":114}},"9":{"start":{"line":12,"column":8},"end":{"line":12,"column":50}},"10":{"start":{"line":16,"column":8},"end":{"line":16,"column":56}}},"fnMap":{"0":{"name":"(anonymous_0)","decl":{"start":{"line":2,"column":4},"end":{"line":2,"column":5}},"loc":{"start":{"line":2,"column":18},"end":{"line":13,"column":5}},"line":2},"1":{"name":"(anonymous_1)","decl":{"start":{"line":15,"column":4},"end":{"line":15,"column":5}},"loc":{"start":{"line":15,"column":27},"end":{"line":17,"column":5}},"line":15}},"branchMap":{},"s":{"0":1,"1":1,"2":1,"3":1,"4":1,"5":1,"6":1,"7":1,"8":1,"9":1,"10":1},"f":{"0":1,"1":1},"b":{},"_coverageSchema":"43e27e138ebf9cfc5966b082cf9a028302ed4184","hash":"7a90031f5a2590d0f302e8d5c3588a888b968102"}
}
