TN:
SF:C:\Users\Nikit\Стажировка\ViroIT\src\Atm.js
FN:6,(anonymous_0)
FN:12,(anonymous_1)
FN:17,(anonymous_2)
FN:22,(anonymous_3)
FNF:4
FNH:4
FNDA:1,(anonymous_0)
FNDA:2,(anonymous_1)
FNDA:1,(anonymous_2)
FNDA:1,(anonymous_3)
DA:7,1
DA:8,1
DA:9,1
DA:13,2
DA:14,2
DA:18,1
DA:19,1
DA:23,1
DA:24,1
DA:25,1
DA:26,1
LF:11
LH:11
BRDA:13,0,0,1
BRDA:13,0,1,1
BRF:2
BRH:2
end_of_record
TN:
SF:C:\Users\Nikit\Стажировка\ViroIT\src\AtmUI.js
FN:4,(anonymous_0)
FN:18,(anonymous_1)
FN:22,(anonymous_2)
FNF:3
FNH:3
FNDA:1,(anonymous_0)
FNDA:2,(anonymous_1)
FNDA:1,(anonymous_2)
DA:5,1
DA:6,1
DA:7,1
DA:8,1
DA:9,1
DA:10,1
DA:11,1
DA:12,1
DA:13,1
DA:14,1
DA:15,1
DA:19,2
DA:23,1
LF:13
LH:13
BRDA:19,0,0,1
BRDA:19,0,1,1
BRF:2
BRH:2
end_of_record
TN:
SF:C:\Users\Nikit\Стажировка\ViroIT\src\EventEmmiter.js
FN:2,EventEmmiter
FN:6,(anonymous_1)
FN:11,unsubscribe
FN:12,(anonymous_3)
FN:19,(anonymous_4)
FN:21,(anonymous_5)
FN:25,(anonymous_6)
FNF:7
FNH:7
FNDA:4,EventEmmiter
FNDA:10,(anonymous_1)
FNDA:2,unsubscribe
FNDA:3,(anonymous_3)
FNDA:12,(anonymous_4)
FNDA:11,(anonymous_5)
FNDA:3,(anonymous_6)
DA:3,4
DA:6,4
DA:7,10
DA:8,8
DA:10,10
DA:12,2
DA:13,3
DA:16,10
DA:19,4
DA:20,12
DA:21,11
DA:25,4
DA:26,3
LF:13
LH:13
BRDA:7,0,0,8
BRDA:7,0,1,2
BRDA:20,1,0,11
BRDA:20,1,1,1
BRDA:20,2,0,12
BRDA:20,2,1,12
BRF:6
BRH:6
end_of_record
TN:
SF:C:\Users\Nikit\Стажировка\ViroIT\src\GeneratorQueue.js
FN:1,createGeneratorQueue
FN:6,increaseQueue
FN:7,(anonymous_2)
FN:16,createInterval
FNF:4
FNH:1
FNDA:0,createGeneratorQueue
FNDA:0,increaseQueue
FNDA:0,(anonymous_2)
FNDA:1,createInterval
DA:2,0
DA:3,0
DA:7,0
DA:8,0
DA:9,0
DA:10,0
DA:17,1
DA:18,1
DA:19,1
LF:9
LH:3
BRDA:8,0,0,0
BRDA:8,0,1,0
BRF:2
BRH:0
end_of_record
TN:
SF:C:\Users\Nikit\Стажировка\ViroIT\src\Person.js
FN:2,(anonymous_0)
FNF:1
FNH:1
FNDA:3,(anonymous_0)
DA:3,3
LF:1
LH:1
BRF:0
BRH:0
end_of_record
TN:
SF:C:\Users\Nikit\Стажировка\ViroIT\src\Queue.js
FN:7,(anonymous_0)
FN:12,(anonymous_1)
FN:20,(anonymous_2)
FN:26,(anonymous_3)
FNF:4
FNH:4
FNDA:2,(anonymous_0)
FNDA:2,(anonymous_1)
FNDA:1,(anonymous_2)
FNDA:1,(anonymous_3)
DA:8,2
DA:9,2
DA:13,2
DA:14,2
DA:15,2
DA:16,1
DA:21,1
DA:22,1
DA:23,1
DA:27,1
DA:28,1
DA:29,1
LF:12
LH:12
BRDA:15,0,0,1
BRDA:15,0,1,1
BRF:2
BRH:2
end_of_record
TN:
SF:C:\Users\Nikit\Стажировка\ViroIT\src\QueueUI.js
FN:2,(anonymous_0)
FN:15,(anonymous_1)
FNF:2
FNH:2
FNDA:2,(anonymous_0)
FNDA:1,(anonymous_1)
DA:3,2
DA:4,2
DA:5,2
DA:6,2
DA:7,2
DA:8,2
DA:9,2
DA:10,2
DA:11,2
DA:12,2
DA:16,1
LF:11
LH:11
BRF:0
BRH:0
end_of_record
