TN:
SF:C:\Users\Nikit\Стажировка\TaskWithWebPack\src\EventEmmiter.js
FN:2,EventEmmiter
FN:6,(anonymous_1)
FN:11,unsubscribe
FN:12,(anonymous_3)
FN:19,(anonymous_4)
FN:21,(anonymous_5)
FN:25,(anonymous_6)
FNF:7
FNH:7
FNDA:1,EventEmmiter
FNDA:2,(anonymous_1)
FNDA:1,unsubscribe
FNDA:2,(anonymous_3)
FNDA:4,(anonymous_4)
FNDA:5,(anonymous_5)
FNDA:1,(anonymous_6)
DA:3,1
DA:6,1
DA:7,2
DA:8,1
DA:10,2
DA:12,1
DA:13,2
DA:16,2
DA:19,1
DA:20,4
DA:21,5
DA:25,1
DA:26,1
LF:13
LH:13
BRDA:7,0,0,1
BRDA:7,0,1,1
BRDA:20,1,0,3
BRDA:20,1,1,1
BRDA:20,2,0,4
BRDA:20,2,1,4
BRF:6
BRH:6
end_of_record
